Arguments: 
  /usr/local/bin/node /usr/local/bin/yarn install

PATH: 
  /usr/local/bin:/System/Cryptexes/App/usr/bin:/usr/bin:/bin:/usr/sbin:/sbin:/Library/Apple/usr/bin

Yarn version: 
  1.22.19

Node version: 
  16.17.0

Platform: 
  darwin arm64

Trace: 
  Error: https://registry.yarnpkg.com/@msdyn365-commerce%2fbootloader: Not found
      at Request.params.callback [as _callback] (/usr/local/lib/node_modules/yarn/lib/cli.js:66145:18)
      at Request.self.callback (/usr/local/lib/node_modules/yarn/lib/cli.js:140890:22)
      at Request.emit (node:events:513:28)
      at Request.<anonymous> (/usr/local/lib/node_modules/yarn/lib/cli.js:141862:10)
      at Request.emit (node:events:513:28)
      at IncomingMessage.<anonymous> (/usr/local/lib/node_modules/yarn/lib/cli.js:141784:12)
      at Object.onceWrapper (node:events:627:28)
      at IncomingMessage.emit (node:events:525:35)
      at endReadableNT (node:internal/streams/readable:1358:12)
      at processTicksAndRejections (node:internal/process/task_queues:83:21)

npm manifest: 
  {
    "name": "gcrnproject",
    "version": "1.0.0",
    "main": "node_modules/expo/AppEntry.js",
    "scripts": {
      "start": "expo start",
      "android": "expo start --android",
      "ios": "expo start --ios",
      "web": "expo start --web"
    },
    "dependencies": {
      "@expo/webpack-config": "^0.17.0",
      "@fortawesome/fontawesome-free": "^6.2.0",
      "@fortawesome/fontawesome-svg-core": "^6.2.0",
      "@fortawesome/free-regular-svg-icons": "^6.2.0",
      "@fortawesome/free-solid-svg-icons": "^6.2.0",
      "@fortawesome/react-fontawesome": "^0.2.0",
      "@react-navigation/bottom-tabs": "^6.4.0",
      "@react-navigation/native": "^6.0.13",
      "babel-plugin-macros": "^3.1.0",
      "expo": "~46.0.9",
      "expo-status-bar": "~1.4.0",
      "react": "18.0.0",
      "react-dom": "18.0.0",
      "react-native": "0.69.6",
      "react-native-bouncy-checkbox": "^3.0.5",
      "react-native-web": "~0.18.7"
    },
    "devDependencies": {
      "@babel/core": "^7.12.9",
      "@types/react": "^18.0.23",
      "@types/react-dom": "^18.0.7",
      "@types/react-native": "~0.69.1",
      "typescript": "~4.3.5"
    },
    "resolutions": {
      "@msdyn365-commerce/bootloader": "^1.0.0",
      "@msdyn365-commerce/core": "^1.0.0",
      "@msdyn365-commerce-modules/core-components": "^1.0.0",
      "axios": "^0.21.1",
      "@types/react": "16.9.0"
    },
    "private": true
  }

yarn manifest: 
  No manifest

Lockfile: 
  No lockfile
